<?xml version="1.0" encoding="UTF-8"?>
<!-- Generated by org.testng.reporters.JUnitReportReporter -->
<testsuite skipped="0" hostname="DESKTOP-SLUED5U" name="tests.MainFlow" tests="6" failures="0" timestamp="26 Mar 2019 15:29:19 GMT" time="14.599" errors="0">
  <testcase name="locateLRO" time="1.856" classname="tests.MainFlow"/>
  <testcase name="propertyByPINSearch" time="3.245" classname="tests.MainFlow"/>
  <testcase name="propertyOrderStep1" time="3.805" classname="tests.MainFlow"/>
  <testcase name="propertyOrderStep2" time="3.336" classname="tests.MainFlow"/>
  <testcase name="propertyOrderAddToCart" time="1.667" classname="tests.MainFlow"/>
  <testcase name="YourShoppingCart" time="0.690" classname="tests.MainFlow"/>
</testsuite> <!-- tests.MainFlow -->
