<?xml version="1.0" encoding="UTF-8"?>
<!-- Generated by org.testng.reporters.JUnitReportReporter -->
<testsuite skipped="0" hostname="DESKTOP-SLUED5U" name="tests.MainFlow" tests="6" failures="0" timestamp="25 Mar 2019 14:42:50 GMT" time="13.311" errors="0">
  <testcase name="locateLRO" time="1.894" classname="tests.MainFlow"/>
  <testcase name="propertyByPINSearch" time="2.422" classname="tests.MainFlow"/>
  <testcase name="propertyOrderStep1" time="3.971" classname="tests.MainFlow"/>
  <testcase name="propertyOrderStep2" time="1.904" classname="tests.MainFlow"/>
  <testcase name="propertyOrderAddToCart" time="2.430" classname="tests.MainFlow"/>
  <testcase name="YourShoppingCart" time="0.690" classname="tests.MainFlow"/>
</testsuite> <!-- tests.MainFlow -->
