<?xml version="1.0" encoding="UTF-8"?>
<!-- Generated by org.testng.reporters.JUnitReportReporter -->
<testsuite skipped="0" hostname="DESKTOP-SLUED5U" name="tests.MainFlow" tests="6" failures="0" timestamp="06 Mar 2019 14:46:05 GMT" time="12.396" errors="0">
  <testcase name="locateLRO" time="1.876" classname="tests.MainFlow"/>
  <testcase name="propertyByPINSearch" time="2.393" classname="tests.MainFlow"/>
  <testcase name="propertyOrderStep1" time="3.868" classname="tests.MainFlow"/>
  <testcase name="propertyOrderStep2" time="1.833" classname="tests.MainFlow"/>
  <testcase name="propertyOrderAddToCart" time="1.740" classname="tests.MainFlow"/>
  <testcase name="YourShoppingCart" time="0.686" classname="tests.MainFlow"/>
</testsuite> <!-- tests.MainFlow -->
