<?xml version="1.0" encoding="UTF-8"?>
<!-- Generated by org.testng.reporters.JUnitReportReporter -->
<testsuite skipped="0" hostname="DESKTOP-SLUED5U" name="tests.Login2" tests="2" failures="0" timestamp="12 Feb 2019 14:33:46 GMT" time="15.445" errors="0">
  <testcase name="login" time="11.869" classname="tests.Login2"/>
  <testcase name="login" time="3.576" classname="tests.Login2"/>
</testsuite> <!-- tests.Login2 -->
