<?xml version="1.0" encoding="UTF-8"?>
<!-- Generated by org.testng.reporters.JUnitReportReporter -->
<testsuite skipped="0" hostname="DESKTOP-SLUED5U" name="tests.MainFlow" tests="6" failures="0" timestamp="27 Mar 2019 21:17:01 GMT" time="21.925" errors="0">
  <testcase name="locateLRO" time="1.931" classname="tests.MainFlow"/>
  <testcase name="propertyByPINSearch" time="11.702" classname="tests.MainFlow"/>
  <testcase name="propertyOrderStep1" time="3.962" classname="tests.MainFlow"/>
  <testcase name="propertyOrderStep2" time="1.890" classname="tests.MainFlow"/>
  <testcase name="propertyOrderAddToCart" time="1.678" classname="tests.MainFlow"/>
  <testcase name="YourShoppingCart" time="0.762" classname="tests.MainFlow"/>
</testsuite> <!-- tests.MainFlow -->
