<?xml version="1.0" encoding="UTF-8"?>
<!-- Generated by org.testng.reporters.JUnitReportReporter -->
<testsuite skipped="0" hostname="DESKTOP-SLUED5U" name="tests.Login3" tests="1" failures="0" timestamp="18 Feb 2019 01:12:57 GMT" time="0.048" errors="0">
  <testcase name="login" time="0.048" classname="tests.Login3"/>
</testsuite> <!-- tests.Login3 -->
